<?xml version="1.0" encoding="UTF-8"?>
<testng-results skipped="0" failed="0" ignored="0" total="1" passed="1">
  <reporter-output>
  </reporter-output>
  <suite name="Surefire suite" duration-ms="4675" started-at="2019-09-10T20:30:27Z" finished-at="2019-09-10T20:30:32Z">
    <groups>
    </groups>
    <test name="Surefire test" duration-ms="4675" started-at="2019-09-10T20:30:27Z" finished-at="2019-09-10T20:30:32Z">
      <class name="org.myproject.DemoTest">
        <test-method status="PASS" signature="restWeatherTest()[pri:0, instance:org.myproject.DemoTest@67b6d4ae]" name="restWeatherTest" duration-ms="4647" started-at="2019-09-10T13:30:27Z" finished-at="2019-09-10T13:30:32Z">
          <reporter-output>
          </reporter-output>
        </test-method> <!-- restWeatherTest -->
      </class> <!-- org.myproject.DemoTest -->
    </test> <!-- Surefire test -->
  </suite> <!-- Surefire suite -->
</testng-results>
